0x07230203, 0x00010000, 0x0008000B, 0x00000066, 0x00000000, 0x00020011, 0x00000001, 0x0006000B, 
0x00000001, 0x4C534C47, 0x6474732E, 0x3035342E, 0x00000000, 0x0003000E, 0x00000000, 0x00000001, 
0x000E000F, 0x00000000, 0x00000004, 0x6E69616D, 0x00000000, 0x00000009, 0x0000000B, 0x0000000D, 
0x0000000E, 0x00000012, 0x0000002B, 0x00000030, 0x0000005D, 0x00000062, 0x00030003, 0x00000002, 
0x000001C2, 0x00040005, 0x00000004, 0x6E69616D, 0x00000000, 0x00050005, 0x00000009, 0x4E74756F, 
0x616D726F, 0x0000006C, 0x00050005, 0x0000000B, 0x6F4E6E69, 0x6C616D72, 0x00000000, 0x00050005, 
0x0000000D, 0x4374756F, 0x726F6C6F, 0x00000000, 0x00040005, 0x0000000E, 0x6F436E69, 0x00726F6C, 
0x00060005, 0x00000012, 0x4574756F, 0x63656666, 0x6C6F4374, 0x0000726F, 0x00040005, 0x00000015, 
0x65646F4D, 0x0043506C, 0x00060006, 0x00000015, 0x00000000, 0x6E617274, 0x726F6673, 0x0000006D, 
0x00060006, 0x00000015, 0x00000001, 0x65666665, 0x6F437463, 0x00726F6C, 0x00060006, 0x00000015, 
0x00000002, 0x65666665, 0x79547463, 0x00006570, 0x00030005, 0x00000017, 0x00006370, 0x00050005, 
0x0000001D, 0x65646F6D, 0x74614D6C, 0x00000000, 0x00030005, 0x0000001E, 0x004F4255, 0x00060006, 
0x0000001E, 0x00000000, 0x6A6F7270, 0x69746365, 0x00006E6F, 0x00050006, 0x0000001E, 0x00000001, 
0x65646F6D, 0x0000006C, 0x00060006, 0x0000001E, 0x00000002, 0x6867696C, 0x736F5074, 0x00000000, 
0x00030005, 0x00000020, 0x006F6275, 0x00060005, 0x00000029, 0x505F6C67, 0x65567265, 0x78657472, 
0x00000000, 0x00060006, 0x00000029, 0x00000000, 0x505F6C67, 0x7469736F, 0x006E6F69, 0x00030005, 
0x0000002B, 0x00000000, 0x00040005, 0x00000030, 0x6F506E69, 0x00000073, 0x00030005, 0x0000003A, 
0x00736F70, 0x00040005, 0x0000004E, 0x736F506C, 0x00000000, 0x00050005, 0x0000005D, 0x4C74756F, 
0x74686769, 0x00636556, 0x00050005, 0x00000062, 0x5674756F, 0x56776569, 0x00006365, 0x00040047, 
0x00000009, 0x0000001E, 0x00000000, 0x00040047, 0x0000000B, 0x0000001E, 0x00000001, 0x00040047, 
0x0000000D, 0x0000001E, 0x00000001, 0x00040047, 0x0000000E, 0x0000001E, 0x00000002, 0x00040047, 
0x00000012, 0x0000001E, 0x00000004, 0x00030047, 0x00000015, 0x00000002, 0x00040048, 0x00000015, 
0x00000000, 0x00000005, 0x00050048, 0x00000015, 0x00000000, 0x00000007, 0x00000010, 0x00050048, 
0x00000015, 0x00000000, 0x00000023, 0x00000000, 0x00050048, 0x00000015, 0x00000001, 0x00000023, 
0x00000040, 0x00050048, 0x00000015, 0x00000002, 0x00000023, 0x00000050, 0x00030047, 0x0000001E, 
0x00000002, 0x00040048, 0x0000001E, 0x00000000, 0x00000005, 0x00050048, 0x0000001E, 0x00000000, 
0x00000007, 0x00000010, 0x00050048, 0x0000001E, 0x00000000, 0x00000023, 0x00000000, 0x00040048, 
0x0000001E, 0x00000001, 0x00000005, 0x00050048, 0x0000001E, 0x00000001, 0x00000007, 0x00000010, 
0x00050048, 0x0000001E, 0x00000001, 0x00000023, 0x00000040, 0x00050048, 0x0000001E, 0x00000002, 
0x00000023, 0x00000080, 0x00040047, 0x00000020, 0x00000021, 0x00000000, 0x00040047, 0x00000020, 
0x00000022, 0x00000000, 0x00030047, 0x00000029, 0x00000002, 0x00050048, 0x00000029, 0x00000000, 
0x0000000B, 0x00000000, 0x00040047, 0x00000030, 0x0000001E, 0x00000000, 0x00040047, 0x0000005D, 
0x0000001E, 0x00000003, 0x00040047, 0x00000062, 0x0000001E, 0x00000002, 0x00020013, 0x00000002, 
0x00030021, 0x00000003, 0x00000002, 0x00030016, 0x00000006, 0x00000020, 0x00040017, 0x00000007, 
0x00000006, 0x00000003, 0x00040020, 0x00000008, 0x00000003, 0x00000007, 0x0004003B, 0x00000008, 
0x00000009, 0x00000003, 0x00040020, 0x0000000A, 0x00000001, 0x00000007, 0x0004003B, 0x0000000A, 
0x0000000B, 0x00000001, 0x0004003B, 0x00000008, 0x0000000D, 0x00000003, 0x0004003B, 0x0000000A, 
0x0000000E, 0x00000001, 0x00040017, 0x00000010, 0x00000006, 0x00000004, 0x00040020, 0x00000011, 
0x00000003, 0x00000010, 0x0004003B, 0x00000011, 0x00000012, 0x00000003, 0x00040018, 0x00000013, 
0x00000010, 0x00000004, 0x00040015, 0x00000014, 0x00000020, 0x00000001, 0x0005001E, 0x00000015, 
0x00000013, 0x00000010, 0x00000014, 0x00040020, 0x00000016, 0x00000009, 0x00000015, 0x0004003B, 
0x00000016, 0x00000017, 0x00000009, 0x0004002B, 0x00000014, 0x00000018, 0x00000001, 0x00040020, 
0x00000019, 0x00000009, 0x00000010, 0x00040020, 0x0000001C, 0x00000007, 0x00000013, 0x0005001E, 
0x0000001E, 0x00000013, 0x00000013, 0x00000010, 0x00040020, 0x0000001F, 0x00000002, 0x0000001E, 
0x0004003B, 0x0000001F, 0x00000020, 0x00000002, 0x00040020, 0x00000021, 0x00000002, 0x00000013, 
0x0004002B, 0x00000014, 0x00000024, 0x00000000, 0x00040020, 0x00000025, 0x00000009, 0x00000013, 
0x0003001E, 0x00000029, 0x00000010, 0x00040020, 0x0000002A, 0x00000003, 0x00000029, 0x0004003B, 
0x0000002A, 0x0000002B, 0x00000003, 0x0004003B, 0x0000000A, 0x00000030, 0x00000001, 0x0004002B, 
0x00000006, 0x00000032, 0x3F800000, 0x00040020, 0x00000039, 0x00000007, 0x00000010, 0x00040018, 
0x00000043, 0x00000007, 0x00000003, 0x00040020, 0x0000004D, 0x00000007, 0x00000007, 0x0004002B, 
0x00000014, 0x00000057, 0x00000002, 0x00040020, 0x00000058, 0x00000002, 0x00000010, 0x0004003B, 
0x00000008, 0x0000005D, 0x00000003, 0x0004003B, 0x00000008, 0x00000062, 0x00000003, 0x00050036, 
0x00000002, 0x00000004, 0x00000000, 0x00000003, 0x000200F8, 0x00000005, 0x0004003B, 0x0000001C, 
0x0000001D, 0x00000007, 0x0004003B, 0x00000039, 0x0000003A, 0x00000007, 0x0004003B, 0x0000004D, 
0x0000004E, 0x00000007, 0x0004003D, 0x00000007, 0x0000000C, 0x0000000B, 0x0003003E, 0x00000009, 
0x0000000C, 0x0004003D, 0x00000007, 0x0000000F, 0x0000000E, 0x0003003E, 0x0000000D, 0x0000000F, 
0x00050041, 0x00000019, 0x0000001A, 0x00000017, 0x00000018, 0x0004003D, 0x00000010, 0x0000001B, 
0x0000001A, 0x0003003E, 0x00000012, 0x0000001B, 0x00050041, 0x00000021, 0x00000022, 0x00000020, 
0x00000018, 0x0004003D, 0x00000013, 0x00000023, 0x00000022, 0x00050041, 0x00000025, 0x00000026, 
0x00000017, 0x00000024, 0x0004003D, 0x00000013, 0x00000027, 0x00000026, 0x00050092, 0x00000013, 
0x00000028, 0x00000023, 0x00000027, 0x0003003E, 0x0000001D, 0x00000028, 0x00050041, 0x00000021, 
0x0000002C, 0x00000020, 0x00000024, 0x0004003D, 0x00000013, 0x0000002D, 0x0000002C, 0x0004003D, 
0x00000013, 0x0000002E, 0x0000001D, 0x00050092, 0x00000013, 0x0000002F, 0x0000002D, 0x0000002E, 
0x0004003D, 0x00000007, 0x00000031, 0x00000030, 0x00050051, 0x00000006, 0x00000033, 0x00000031, 
0x00000000, 0x00050051, 0x00000006, 0x00000034, 0x00000031, 0x00000001, 0x00050051, 0x00000006, 
0x00000035, 0x00000031, 0x00000002, 0x00070050, 0x00000010, 0x00000036, 0x00000033, 0x00000034, 
0x00000035, 0x00000032, 0x00050091, 0x00000010, 0x00000037, 0x0000002F, 0x00000036, 0x00050041, 
0x00000011, 0x00000038, 0x0000002B, 0x00000024, 0x0003003E, 0x00000038, 0x00000037, 0x0004003D, 
0x00000013, 0x0000003B, 0x0000001D, 0x0004003D, 0x00000007, 0x0000003C, 0x00000030, 0x00050051, 
0x00000006, 0x0000003D, 0x0000003C, 0x00000000, 0x00050051, 0x00000006, 0x0000003E, 0x0000003C, 
0x00000001, 0x00050051, 0x00000006, 0x0000003F, 0x0000003C, 0x00000002, 0x00070050, 0x00000010, 
0x00000040, 0x0000003D, 0x0000003E, 0x0000003F, 0x00000032, 0x00050091, 0x00000010, 0x00000041, 
0x0000003B, 0x00000040, 0x0003003E, 0x0000003A, 0x00000041, 0x0004003D, 0x00000013, 0x00000042, 
0x0000001D, 0x00050051, 0x00000010, 0x00000044, 0x00000042, 0x00000000, 0x0008004F, 0x00000007, 
0x00000045, 0x00000044, 0x00000044, 0x00000000, 0x00000001, 0x00000002, 0x00050051, 0x00000010, 
0x00000046, 0x00000042, 0x00000001, 0x0008004F, 0x00000007, 0x00000047, 0x00000046, 0x00000046, 
0x00000000, 0x00000001, 0x00000002, 0x00050051, 0x00000010, 0x00000048, 0x00000042, 0x00000002, 
0x0008004F, 0x00000007, 0x00000049, 0x00000048, 0x00000048, 0x00000000, 0x00000001, 0x00000002, 
0x00060050, 0x00000043, 0x0000004A, 0x00000045, 0x00000047, 0x00000049, 0x0004003D, 0x00000007, 
0x0000004B, 0x0000000B, 0x00050091, 0x00000007, 0x0000004C, 0x0000004A, 0x0000004B, 0x0003003E, 
0x00000009, 0x0000004C, 0x0004003D, 0x00000013, 0x0000004F, 0x0000001D, 0x00050051, 0x00000010, 
0x00000050, 0x0000004F, 0x00000000, 0x0008004F, 0x00000007, 0x00000051, 0x00000050, 0x00000050, 
0x00000000, 0x00000001, 0x00000002, 0x00050051, 0x00000010, 0x00000052, 0x0000004F, 0x00000001, 
0x0008004F, 0x00000007, 0x00000053, 0x00000052, 0x00000052, 0x00000000, 0x00000001, 0x00000002, 
0x00050051, 0x00000010, 0x00000054, 0x0000004F, 0x00000002, 0x0008004F, 0x00000007, 0x00000055, 
0x00000054, 0x00000054, 0x00000000, 0x00000001, 0x00000002, 0x00060050, 0x00000043, 0x00000056, 
0x00000051, 0x00000053, 0x00000055, 0x00050041, 0x00000058, 0x00000059, 0x00000020, 0x00000057, 
0x0004003D, 0x00000010, 0x0000005A, 0x00000059, 0x0008004F, 0x00000007, 0x0000005B, 0x0000005A, 
0x0000005A, 0x00000000, 0x00000001, 0x00000002, 0x00050091, 0x00000007, 0x0000005C, 0x00000056, 
0x0000005B, 0x0003003E, 0x0000004E, 0x0000005C, 0x0004003D, 0x00000007, 0x0000005E, 0x0000004E, 
0x0004003D, 0x00000010, 0x0000005F, 0x0000003A, 0x0008004F, 0x00000007, 0x00000060, 0x0000005F, 
0x0000005F, 0x00000000, 0x00000001, 0x00000002, 0x00050083, 0x00000007, 0x00000061, 0x0000005E, 
0x00000060, 0x0003003E, 0x0000005D, 0x00000061, 0x0004003D, 0x00000010, 0x00000063, 0x0000003A, 
0x0008004F, 0x00000007, 0x00000064, 0x00000063, 0x00000063, 0x00000000, 0x00000001, 0x00000002, 
0x0004007F, 0x00000007, 0x00000065, 0x00000064, 0x0003003E, 0x00000062, 0x00000065, 0x000100FD, 
0x00010038, 